<?xml version="1.0" encoding="UTF-8" ?>
<testsuite tests="1" failures="0" name="TestSuite" time="348.066" errors="0" skipped="0">
  <properties>
    <property name="java.vendor" value="Oracle Corporation"/>
    <property name="env.SYSTEMROOT" value="C:\Windows"/>
    <property name="localRepository" value="C:\Users\f2736\.m2\repository"/>
    <property name="sun.java.launcher" value="SUN_STANDARD"/>
    <property name="env.TVT" value="C:\Program Files (x86)\Lenovo"/>
    <property name="sun.management.compiler" value="HotSpot 64-Bit Tiered Compilers"/>
    <property name="env.UOIPME_REG_PATH" value="C:\Program Files\Intel Corporation\USB over IP"/>
    <property name="os.name" value="Windows 7"/>
    <property name="env.FP_NO_HOST_CHECK" value="NO"/>
    <property name="sun.boot.class.path" value="C:\Program Files\Java\jre1.8.0_40\lib\resources.jar;C:\Program Files\Java\jre1.8.0_40\lib\rt.jar;C:\Program Files\Java\jre1.8.0_40\lib\sunrsasign.jar;C:\Program Files\Java\jre1.8.0_40\lib\jsse.jar;C:\Program Files\Java\jre1.8.0_40\lib\jce.jar;C:\Program Files\Java\jre1.8.0_40\lib\charsets.jar;C:\Program Files\Java\jre1.8.0_40\lib\jfr.jar;C:\Program Files\Java\jre1.8.0_40\classes"/>
    <property name="env.COMPUTERNAME" value="GNF2736"/>
    <property name="env.ALLUSERSPROFILE" value="C:\ProgramData"/>
    <property name="sun.desktop" value="windows"/>
    <property name="java.vm.specification.vendor" value="Oracle Corporation"/>
    <property name="java.runtime.version" value="1.8.0_40-b26"/>
    <property name="env.HOMEPATH" value="\Users\f2736"/>
    <property name="user.name" value="F2736"/>
    <property name="env.SWSHARE" value="C:\SWSHARE"/>
    <property name="maven.build.version" value="Apache Maven 3.0.4 (r1232337; 2012-01-17 14:14:56+0530)"/>
    <property name="env.WINDOWS_TRACING_FLAGS" value="3"/>
    <property name="env.PATH" value="C:\Program Files\Common Files\Microsoft Shared\Microsoft Online Services;C:\Program Files (x86)\Common Files\Microsoft Shared\Microsoft Online Services;C:\ProgramData\Oracle\Java\javapath;C:\Program Files (x86)\Intel\iCLS Client\;C:\Program Files\Intel\iCLS Client\;C:\Windows\system32;C:\Windows;C:\Windows\System32\Wbem;C:\Windows\System32\WindowsPowerShell\v1.0\;C:\Program Files\Intel\Intel(R) Management Engine Components\DAL;C:\Program Files (x86)\Intel\Intel(R) Management Engine Components\DAL;C:\Program Files\Intel\Intel(R) Management Engine Components\IPT;C:\Program Files (x86)\Intel\Intel(R) Management Engine Components\IPT;C:\Program Files\Intel\WiFi\bin\;C:\Program Files\Common Files\Intel\WirelessCommon\;C:\Program Files (x86)\Common Files\Lenovo;C:\Program Files (x86)\Common Files\lenovo\easyplussdk\bin;C:\ProgramData\Lenovo\ReadyApps;%JAVA_HOME%;C:\Users\f2736\Documents\selenium-2.45.0\apache-ant-1.9.4\bin;C:\Users\f2736\AppData\Local\Android\android-sdk\platform-tools;C:\apache-maven-3.3.3\bin;C:\Users\f2736\Documents\curl-7.42.0-win64\bin;C:\Users\f2736\Documents\sc-4.3.9-win32\bin;C:\Program Files (x86)\QuickTime\QTSystem\;C:\Users\f2736\AppData\Local\GitHub;C:\Program Files (x86)\Git\cmd"/>
    <property name="user.language" value="en"/>
    <property name="env.WINDIR" value="C:\Windows"/>
    <property name="sun.boot.library.path" value="C:\Program Files\Java\jre1.8.0_40\bin"/>
    <property name="classworlds.conf" value="C:\Users\f2736\Documents\HtMediaWorkspace\.metadata\.plugins\org.eclipse.m2e.launching\launches\m2conf7736062787183776139.tmp"/>
    <property name="env.COMMPATH" value="C:\Program Files\Lenovo\Communications Utility"/>
    <property name="java.version" value="1.8.0_40"/>
    <property name="env.PROCESSOR_IDENTIFIER" value="Intel64 Family 6 Model 61 Stepping 4, GenuineIntel"/>
    <property name="user.timezone" value="Asia/Calcutta"/>
    <property name="env.TEMP" value="C:\Users\f2736\AppData\Local\Temp"/>
    <property name="sun.arch.data.model" value="64"/>
    <property name="env.WINDOWS_TRACING_LOGFILE" value="C:\BVTBin\Tests\installpackage\csilogfile.log"/>
    <property name="java.endorsed.dirs" value="C:\Program Files\Java\jre1.8.0_40\lib\endorsed"/>
    <property name="sun.cpu.isalist" value="amd64"/>
    <property name="env.HOMEDRIVE" value="C:"/>
    <property name="sun.jnu.encoding" value="Cp1252"/>
    <property name="file.encoding.pkg" value="sun.io"/>
    <property name="env.SYSTEMDRIVE" value="C:"/>
    <property name="file.separator" value="\"/>
    <property name="java.specification.name" value="Java Platform API Specification"/>
    <property name="java.class.version" value="52.0"/>
    <property name="user.country" value="IN"/>
    <property name="java.home" value="C:\Program Files\Java\jre1.8.0_40"/>
    <property name="env.ANDROID_HOME" value="C:\Users\f2736\AppData\Local\Android\android-sdk"/>
    <property name="env.APPDATA" value="C:\Users\f2736\AppData\Roaming"/>
    <property name="env.CONFIGSETROOT" value="C:\Windows\ConfigSetRoot"/>
    <property name="env.PUBLIC" value="C:\Users\Public"/>
    <property name="java.vm.info" value="mixed mode"/>
    <property name="env.OS" value="Windows_NT"/>
    <property name="os.version" value="6.1"/>
    <property name="env.=::" value="::\"/>
    <property name="path.separator" value=";"/>
    <property name="java.vm.version" value="25.40-b25"/>
    <property name="env.TVTCOMMON" value="C:\Program Files (x86)\Common Files\Lenovo"/>
    <property name="env.ASL.LOG" value="Destination=file"/>
    <property name="env.USERPROFILE" value="C:\Users\f2736"/>
    <property name="user.variant" value=""/>
    <property name="env.JAVA_HOME" value="C:\Program Files\Java\jdk1.7.0_79"/>
    <property name="java.awt.printerjob" value="sun.awt.windows.WPrinterJob"/>
    <property name="env.TMP" value="C:\Users\f2736\AppData\Local\Temp"/>
    <property name="env.PROGRAMFILES" value="C:\Program Files"/>
    <property name="sun.io.unicode.encoding" value="UnicodeLittle"/>
    <property name="awt.toolkit" value="sun.awt.windows.WToolkit"/>
    <property name="user.script" value=""/>
    <property name="user.home" value="C:\Users\f2736"/>
    <property name="env.COMMONPROGRAMFILES" value="C:\Program Files\Common Files"/>
    <property name="env.SESSIONNAME" value="Console"/>
    <property name="java.specification.vendor" value="Oracle Corporation"/>
    <property name="env.NUMBER_OF_PROCESSORS" value="4"/>
    <property name="java.library.path" value="C:\Program Files\Java\jre1.8.0_40\bin;C:\Windows\Sun\Java\bin;C:\Windows\system32;C:\Windows;C:\Program Files\Common Files\Microsoft Shared\Microsoft Online Services;C:\Program Files (x86)\Common Files\Microsoft Shared\Microsoft Online Services;C:\ProgramData\Oracle\Java\javapath;C:\Program Files (x86)\Intel\iCLS Client\;C:\Program Files\Intel\iCLS Client\;C:\Windows\system32;C:\Windows;C:\Windows\System32\Wbem;C:\Windows\System32\WindowsPowerShell\v1.0\;C:\Program Files\Intel\Intel(R) Management Engine Components\DAL;C:\Program Files (x86)\Intel\Intel(R) Management Engine Components\DAL;C:\Program Files\Intel\Intel(R) Management Engine Components\IPT;C:\Program Files (x86)\Intel\Intel(R) Management Engine Components\IPT;C:\Program Files\Intel\WiFi\bin\;C:\Program Files\Common Files\Intel\WirelessCommon\;C:\Program Files (x86)\Common Files\Lenovo;C:\Program Files (x86)\Common Files\lenovo\easyplussdk\bin;C:\ProgramData\Lenovo\ReadyApps;%JAVA_HOME%;C:\Users\f2736\Documents\selenium-2.45.0\apache-ant-1.9.4\bin;C:\Users\f2736\AppData\Local\Android\android-sdk\platform-tools;C:\apache-maven-3.3.3\bin;C:\Users\f2736\Documents\curl-7.42.0-win64\bin;C:\Users\f2736\Documents\sc-4.3.9-win32\bin;C:\Program Files (x86)\QuickTime\QTSystem\;C:\Users\f2736\AppData\Local\GitHub;C:\Program Files (x86)\Git\cmd;."/>
    <property name="java.vendor.url" value="http://java.oracle.com/"/>
    <property name="env.PSMODULEPATH" value="C:\Windows\system32\WindowsPowerShell\v1.0\Modules\"/>
    <property name="env.USERDNSDOMAIN" value="HTMEDIA.NET"/>
    <property name="env.COMMONPROGRAMFILES(X86)" value="C:\Program Files (x86)\Common Files"/>
    <property name="java.vm.vendor" value="Oracle Corporation"/>
    <property name="java.runtime.name" value="Java(TM) SE Runtime Environment"/>
    <property name="maven.home" value="C:\Users\f2736\Documents\HtMediaWorkspace\shineSauceLabs\EMBEDDED"/>
    <property name="java.class.path" value="/C:/Users/f2736/Documents/eclipse/configuration/org.eclipse.osgi/bundles/535/1/.cp/jars/plexus-classworlds-2.4.jar"/>
    <property name="sun.java.command" value="org.codehaus.plexus.classworlds.launcher.Launcher -B test"/>
    <property name="env.PROGRAMW6432" value="C:\Program Files"/>
    <property name="env.READYAPPS" value="C:\ProgramData\Lenovo\ReadyApps"/>
    <property name="env.EASYPLUSSDK" value="&quot;C:\Program Files (x86)\Common Files\lenovo\easyplussdk\bin&quot;"/>
    <property name="maven.version" value="3.0.4"/>
    <property name="env.PROGRAMFILES(X86)" value="C:\Program Files (x86)"/>
    <property name="java.vm.specification.name" value="Java Virtual Machine Specification"/>
    <property name="env.LOGONSERVER" value="\\HTGGNADC001"/>
    <property name="java.vm.specification.version" value="1.8"/>
    <property name="env.PROCESSOR_ARCHITECTURE" value="AMD64"/>
    <property name="env.COMMONPROGRAMW6432" value="C:\Program Files\Common Files"/>
    <property name="sun.os.patch.level" value="Service Pack 1"/>
    <property name="sun.cpu.endian" value="little"/>
    <property name="env.ANT_HOME" value="C:\Users\f2736\Documents\selenium-2.45.0\apache-ant-1.9.4"/>
    <property name="surefire.test.class.path" value="C:\Users\f2736\Documents\HtMediaWorkspace\shineSauceLabs\target\test-classes;C:\Users\f2736\Documents\HtMediaWorkspace\shineSauceLabs\target\classes;C:\Users\f2736\.m2\repository\com\google\code\gson\gson\2.2.4\gson-2.2.4.jar;C:\Users\f2736\.m2\repository\org\json\json\20141113\json-20141113.jar;C:\Users\f2736\.m2\repository\org\apache\httpcomponents\httpclient\4.3.4\httpclient-4.3.4.jar;C:\Users\f2736\.m2\repository\org\apache\httpcomponents\httpcore\4.3.2\httpcore-4.3.2.jar;C:\Users\f2736\.m2\repository\commons-logging\commons-logging\1.1.3\commons-logging-1.1.3.jar;C:\Users\f2736\.m2\repository\commons-codec\commons-codec\1.6\commons-codec-1.6.jar;C:\Users\f2736\.m2\repository\io\appium\java-client\2.2.0\java-client-2.2.0.jar;C:\Users\f2736\.m2\repository\junit\junit\4.11\junit-4.11.jar;C:\Users\f2736\.m2\repository\org\hamcrest\hamcrest-core\1.3\hamcrest-core-1.3.jar;C:\Users\f2736\.m2\repository\com\google\guava\guava\17.0\guava-17.0.jar;C:\Users\f2736\.m2\repository\cglib\cglib\3.1\cglib-3.1.jar;C:\Users\f2736\.m2\repository\org\ow2\asm\asm\4.2\asm-4.2.jar;C:\Users\f2736\.m2\repository\org\testng\testng\6.8.8\testng-6.8.8.jar;C:\Users\f2736\.m2\repository\org\beanshell\bsh\2.0b4\bsh-2.0b4.jar;C:\Users\f2736\.m2\repository\com\beust\jcommander\1.27\jcommander-1.27.jar;C:\Users\f2736\.m2\repository\org\seleniumhq\selenium\selenium-java\2.43.0\selenium-java-2.43.0.jar;C:\Users\f2736\.m2\repository\org\seleniumhq\selenium\selenium-chrome-driver\2.43.0\selenium-chrome-driver-2.43.0.jar;C:\Users\f2736\.m2\repository\org\seleniumhq\selenium\selenium-remote-driver\2.43.0\selenium-remote-driver-2.43.0.jar;C:\Users\f2736\.m2\repository\cglib\cglib-nodep\2.1_3\cglib-nodep-2.1_3.jar;C:\Users\f2736\.m2\repository\org\seleniumhq\selenium\selenium-api\2.43.0\selenium-api-2.43.0.jar;C:\Users\f2736\.m2\repository\org\seleniumhq\selenium\selenium-htmlunit-driver\2.43.0\selenium-htmlunit-driver-2.43.0.jar;C:\Users\f2736\.m2\repository\net\sourceforge\htmlunit\htmlunit\2.15\htmlunit-2.15.jar;C:\Users\f2736\.m2\repository\xalan\xalan\2.7.1\xalan-2.7.1.jar;C:\Users\f2736\.m2\repository\xalan\serializer\2.7.1\serializer-2.7.1.jar;C:\Users\f2736\.m2\repository\commons-collections\commons-collections\3.2.1\commons-collections-3.2.1.jar;C:\Users\f2736\.m2\repository\org\apache\commons\commons-lang3\3.3.2\commons-lang3-3.3.2.jar;C:\Users\f2736\.m2\repository\org\apache\httpcomponents\httpmime\4.3.3\httpmime-4.3.3.jar;C:\Users\f2736\.m2\repository\net\sourceforge\htmlunit\htmlunit-core-js\2.15\htmlunit-core-js-2.15.jar;C:\Users\f2736\.m2\repository\xerces\xercesImpl\2.11.0\xercesImpl-2.11.0.jar;C:\Users\f2736\.m2\repository\xml-apis\xml-apis\1.4.01\xml-apis-1.4.01.jar;C:\Users\f2736\.m2\repository\net\sourceforge\nekohtml\nekohtml\1.9.21\nekohtml-1.9.21.jar;C:\Users\f2736\.m2\repository\net\sourceforge\cssparser\cssparser\0.9.14\cssparser-0.9.14.jar;C:\Users\f2736\.m2\repository\org\w3c\css\sac\1.3\sac-1.3.jar;C:\Users\f2736\.m2\repository\org\eclipse\jetty\jetty-websocket\8.1.15.v20140411\jetty-websocket-8.1.15.v20140411.jar;C:\Users\f2736\.m2\repository\org\eclipse\jetty\jetty-util\8.1.15.v20140411\jetty-util-8.1.15.v20140411.jar;C:\Users\f2736\.m2\repository\org\eclipse\jetty\jetty-io\8.1.15.v20140411\jetty-io-8.1.15.v20140411.jar;C:\Users\f2736\.m2\repository\org\eclipse\jetty\jetty-http\8.1.15.v20140411\jetty-http-8.1.15.v20140411.jar;C:\Users\f2736\.m2\repository\org\seleniumhq\selenium\selenium-firefox-driver\2.43.0\selenium-firefox-driver-2.43.0.jar;C:\Users\f2736\.m2\repository\org\apache\commons\commons-exec\1.1\commons-exec-1.1.jar;C:\Users\f2736\.m2\repository\org\seleniumhq\selenium\selenium-ie-driver\2.43.0\selenium-ie-driver-2.43.0.jar;C:\Users\f2736\.m2\repository\net\java\dev\jna\jna\3.4.0\jna-3.4.0.jar;C:\Users\f2736\.m2\repository\net\java\dev\jna\platform\3.4.0\platform-3.4.0.jar;C:\Users\f2736\.m2\repository\org\seleniumhq\selenium\selenium-safari-driver\2.43.0\selenium-safari-driver-2.43.0.jar;C:\Users\f2736\.m2\repository\org\seleniumhq\selenium\selenium-support\2.43.0\selenium-support-2.43.0.jar;C:\Users\f2736\.m2\repository\org\webbitserver\webbit\0.4.15\webbit-0.4.15.jar;C:\Users\f2736\.m2\repository\io\netty\netty\3.5.5.Final\netty-3.5.5.Final.jar;C:\Users\f2736\.m2\repository\commons-lang\commons-lang\2.6\commons-lang-2.6.jar;C:\Users\f2736\.m2\repository\com\saucelabs\saucerest\1.0.26\saucerest-1.0.26.jar;C:\Users\f2736\.m2\repository\com\googlecode\json-simple\json-simple\1.1\json-simple-1.1.jar;C:\Users\f2736\.m2\repository\com\saucelabs\selenium\sauce-ondemand-driver\2.6\sauce-ondemand-driver-2.6.jar;C:\Users\f2736\.m2\repository\com\saucelabs\sauce-rest-api\1.5\sauce-rest-api-1.5.jar;C:\Users\f2736\.m2\repository\org\codehaus\jackson\jackson-mapper-asl\1.5.0\jackson-mapper-asl-1.5.0.jar;C:\Users\f2736\.m2\repository\org\codehaus\jackson\jackson-core-asl\1.5.0\jackson-core-asl-1.5.0.jar;C:\Users\f2736\.m2\repository\commons-io\commons-io\1.4\commons-io-1.4.jar;C:\Users\f2736\.m2\repository\com\saucelabs\sauce_testng\2.1.19\sauce_testng-2.1.19.jar;C:\Users\f2736\.m2\repository\com\saucelabs\sauce_java_common\2.1.19\sauce_java_common-2.1.19.jar;C:\Users\f2736\.m2\repository\javax\mail\mail\1.4.5\mail-1.4.5.jar;C:\Users\f2736\.m2\repository\javax\activation\activation\1.1\activation-1.1.jar;"/>
    <property name="java.io.tmpdir" value="C:\Users\f2736\AppData\Local\Temp\"/>
    <property name="env.PROCESSOR_REVISION" value="3d04"/>
    <property name="java.vendor.url.bug" value="http://bugreport.sun.com/bugreport/"/>
    <property name="env.COMSPEC" value="C:\Windows\system32\cmd.exe"/>
    <property name="env.PROGRAMDATA" value="C:\ProgramData"/>
    <property name="java.awt.graphicsenv" value="sun.awt.Win32GraphicsEnvironment"/>
    <property name="os.arch" value="amd64"/>
    <property name="java.ext.dirs" value="C:\Program Files\Java\jre1.8.0_40\lib\ext;C:\Windows\Sun\Java\lib\ext"/>
    <property name="user.dir" value="C:\Users\f2736\Documents\HtMediaWorkspace\shineSauceLabs"/>
    <property name="env.LOCALAPPDATA" value="C:\Users\f2736\AppData\Local"/>
    <property name="env.MAVEN_HOME" value="C:\apache-maven-3.3.3\bin"/>
    <property name="line.separator" value="
"/>
    <property name="java.vm.name" value="Java HotSpot(TM) 64-Bit Server VM"/>
    <property name="env.PATHEXT" value=".COM;.EXE;.BAT;.CMD;.VBS;.VBE;.JS;.JSE;.WSF;.WSH;.MSC"/>
    <property name="basedir" value="C:\Users\f2736\Documents\HtMediaWorkspace\shineSauceLabs"/>
    <property name="env.USERNAME" value="F2736"/>
    <property name="file.encoding" value="UTF-8"/>
    <property name="env.USERDOMAIN" value="HTMEDIA"/>
    <property name="java.specification.version" value="1.8"/>
    <property name="env.VBOX_MSI_INSTALL_PATH" value="C:\Program Files\Oracle\VirtualBox\"/>
    <property name="env.PROCESSOR_LEVEL" value="6"/>
    <property name="maven.bootclasspath" value="/C:/Users/f2736/Documents/eclipse/configuration/org.eclipse.osgi/bundles/535/1/.cp/jars/plexus-classworlds-2.4.jar"/>
  </properties>
  <testcase classname="com.shineSauceLabs.Main.FullRegisterPage" name="testRegisterwithResume" time="270.884"/>
</testsuite>