<?xml version="1.0" encoding="UTF-8"?>
<!-- Generated by org.testng.reporters.JUnitReportReporter -->
<testsuite hostname="gnf2736" name="com.shineSauceLabs.Main.FullRegisterPage" tests="1" failures="0" timestamp="5 Aug 2015 05:39:29 GMT" time="260.862" errors="0">
  <testcase name="testRegisterwithResume" time="260.862" classname="com.shineSauceLabs.Main.FullRegisterPage"/>
</testsuite> <!-- com.shineSauceLabs.Main.FullRegisterPage -->
